<?xml version="1.0" encoding="UTF-8"?>
<!-- Generated by org.testng.reporters.JUnitReportReporter -->
<testsuite hostname="DESKTOP-B1CUU75" failures="0" tests="4" name="almosafer.MyFirstProject" time="0.195" errors="0" timestamp="2024-11-06T21:43:53 GMT+03:00" skipped="0">
  <testcase classname="almosafer.MyFirstProject" name="checkLanEnIsCorrect" time="0.092"/>
  <system-out/>
  <testcase classname="almosafer.MyFirstProject" name="CheckSarIsDefualt" time="0.043"/>
  <system-out/>
  <testcase classname="almosafer.MyFirstProject" name="CheckNumIsareCorrect" time="0.025"/>
  <system-out/>
  <testcase classname="almosafer.MyFirstProject" name="verifyGitafLogoIsDisplayed" time="0.035"/>
  <system-out/>
</testsuite> <!-- almosafer.MyFirstProject -->
