<?xml version="1.0" encoding="UTF-8"?>
<!-- Generated by org.testng.reporters.JUnitReportReporter -->
<testsuite hostname="DESKTOP-B1CUU75" failures="0" tests="11" name="almosafer.MyFirstProject" time="0.079" errors="0" timestamp="2024-11-11T18:03:36 GMT+03:00" skipped="10">
  <testcase classname="almosafer.MyFirstProject" name="CheckDepatureDate" time="0.079"/>
  <system-out/>
  <testcase classname="almosafer.MyFirstProject" name="CheckReturnDat">
    <skipped/>
  </testcase> <!-- CheckReturnDat -->
  <system-out/>
  <testcase classname="almosafer.MyFirstProject" name="CheckTheSortOption">
    <skipped/>
  </testcase> <!-- CheckTheSortOption -->
  <system-out/>
  <testcase classname="almosafer.MyFirstProject" name="CheckSarIsDefualt">
    <skipped/>
  </testcase> <!-- CheckSarIsDefualt -->
  <system-out/>
  <testcase classname="almosafer.MyFirstProject" name="CheckThatThePageIsFullyLoaded">
    <skipped/>
  </testcase> <!-- CheckThatThePageIsFullyLoaded -->
  <system-out/>
  <testcase classname="almosafer.MyFirstProject" name="RandomlyChangeTheLanguage">
    <skipped/>
  </testcase> <!-- RandomlyChangeTheLanguage -->
  <system-out/>
  <testcase classname="almosafer.MyFirstProject" name="CheckNumIsareCorrect">
    <skipped/>
  </testcase> <!-- CheckNumIsareCorrect -->
  <system-out/>
  <testcase classname="almosafer.MyFirstProject" name="checkLanEnIsCorrect">
    <skipped/>
  </testcase> <!-- checkLanEnIsCorrect -->
  <system-out/>
  <testcase classname="almosafer.MyFirstProject" name="CheckReturnDate">
    <skipped/>
  </testcase> <!-- CheckReturnDate -->
  <system-out/>
  <testcase classname="almosafer.MyFirstProject" name="verifyGitafLogoIsDisplayed">
    <skipped/>
  </testcase> <!-- verifyGitafLogoIsDisplayed -->
  <system-out/>
  <testcase classname="almosafer.MyFirstProject" name="hotelsTabIsNotByDefualt">
    <skipped/>
  </testcase> <!-- hotelsTabIsNotByDefualt -->
  <system-out/>
</testsuite> <!-- almosafer.MyFirstProject -->
