<?xml version="1.0" encoding="UTF-8"?>
<!-- Generated by org.testng.reporters.JUnitReportReporter -->
<testsuite hostname="DESKTOP-B1CUU75" failures="0" tests="9" name="almosafer.MyFirstProject" time="8.977" errors="0" timestamp="2024-11-13T13:22:03 GMT+03:00" skipped="8">
  <testcase classname="almosafer.MyFirstProject" name="RandomlyChangeTheLanguage" time="8.977"/>
  <system-out/>
  <testcase classname="almosafer.MyFirstProject" name="CheckReturnDat">
    <skipped/>
  </testcase> <!-- CheckReturnDat -->
  <system-out/>
  <testcase classname="almosafer.MyFirstProject" name="CheckTheSortOption">
    <skipped/>
  </testcase> <!-- CheckTheSortOption -->
  <system-out/>
  <testcase classname="almosafer.MyFirstProject" name="CheckSarIsDefualt">
    <skipped/>
  </testcase> <!-- CheckSarIsDefualt -->
  <system-out/>
  <testcase classname="almosafer.MyFirstProject" name="CheckDepatureDate">
    <skipped/>
  </testcase> <!-- CheckDepatureDate -->
  <system-out/>
  <testcase classname="almosafer.MyFirstProject" name="CheckNumIsareCorrect">
    <skipped/>
  </testcase> <!-- CheckNumIsareCorrect -->
  <system-out/>
  <testcase classname="almosafer.MyFirstProject" name="checkLanEnIsCorrect">
    <skipped/>
  </testcase> <!-- checkLanEnIsCorrect -->
  <system-out/>
  <testcase classname="almosafer.MyFirstProject" name="verifyGitafLogoIsDisplayed">
    <skipped/>
  </testcase> <!-- verifyGitafLogoIsDisplayed -->
  <system-out/>
  <testcase classname="almosafer.MyFirstProject" name="hotelsTabIsNotByDefualt">
    <skipped/>
  </testcase> <!-- hotelsTabIsNotByDefualt -->
  <system-out/>
</testsuite> <!-- almosafer.MyFirstProject -->
